<?xml version="1.0" encoding="UTF-8"?>
<testsuite name="microserviceVisitedLocation.services.VisitedLocationServiceTest" tests="1" skipped="0" failures="0" errors="0" timestamp="2022-03-02T15:30:32" hostname="F_WARMACHINE" time="0.942">
  <properties/>
  <testcase name="createVisitedLocationTest()" classname="microserviceVisitedLocation.services.VisitedLocationServiceTest" time="0.942"/>
  <system-out><![CDATA[16:30:26.615 [Test worker] DEBUG org.springframework.test.context.BootstrapUtils - Instantiating CacheAwareContextLoaderDelegate from class [org.springframework.test.context.cache.DefaultCacheAwareContextLoaderDelegate]
16:30:26.665 [Test worker] DEBUG org.springframework.test.context.BootstrapUtils - Instantiating BootstrapContext using constructor [public org.springframework.test.context.support.DefaultBootstrapContext(java.lang.Class,org.springframework.test.context.CacheAwareContextLoaderDelegate)]
16:30:26.769 [Test worker] DEBUG org.springframework.test.context.BootstrapUtils - Instantiating TestContextBootstrapper for test class [microserviceVisitedLocation.services.VisitedLocationServiceTest] from class [org.springframework.boot.test.context.SpringBootTestContextBootstrapper]
16:30:26.804 [Test worker] INFO org.springframework.boot.test.context.SpringBootTestContextBootstrapper - Neither @ContextConfiguration nor @ContextHierarchy found for test class [microserviceVisitedLocation.services.VisitedLocationServiceTest], using SpringBootContextLoader
16:30:26.816 [Test worker] DEBUG org.springframework.test.context.support.AbstractContextLoader - Did not detect default resource location for test class [microserviceVisitedLocation.services.VisitedLocationServiceTest]: class path resource [microserviceVisitedLocation/services/VisitedLocationServiceTest-context.xml] does not exist
16:30:26.817 [Test worker] DEBUG org.springframework.test.context.support.AbstractContextLoader - Did not detect default resource location for test class [microserviceVisitedLocation.services.VisitedLocationServiceTest]: class path resource [microserviceVisitedLocation/services/VisitedLocationServiceTestContext.groovy] does not exist
16:30:26.818 [Test worker] INFO org.springframework.test.context.support.AbstractContextLoader - Could not detect default resource locations for test class [microserviceVisitedLocation.services.VisitedLocationServiceTest]: no resource found for suffixes {-context.xml, Context.groovy}.
16:30:26.820 [Test worker] INFO org.springframework.test.context.support.AnnotationConfigContextLoaderUtils - Could not detect default configuration classes for test class [microserviceVisitedLocation.services.VisitedLocationServiceTest]: VisitedLocationServiceTest does not declare any static, non-private, non-final, nested classes annotated with @Configuration.
16:30:26.927 [Test worker] DEBUG org.springframework.test.context.support.ActiveProfilesUtils - Could not find an 'annotation declaring class' for annotation type [org.springframework.test.context.ActiveProfiles] and class [microserviceVisitedLocation.services.VisitedLocationServiceTest]
16:30:27.107 [Test worker] DEBUG org.springframework.context.annotation.ClassPathScanningCandidateComponentProvider - Identified candidate component class: file [E:\Users\Francky Malliet\git\TourGuide\JavaPathENProject8\microservice-visitedLocation\build\classes\java\main\microserviceVisitedLocation\MicroserviceVisitedLocationApplication.class]
16:30:27.109 [Test worker] INFO org.springframework.boot.test.context.SpringBootTestContextBootstrapper - Found @SpringBootConfiguration microserviceVisitedLocation.MicroserviceVisitedLocationApplication for test class microserviceVisitedLocation.services.VisitedLocationServiceTest
16:30:27.406 [Test worker] DEBUG org.springframework.boot.test.context.SpringBootTestContextBootstrapper - @TestExecutionListeners is not present for class [microserviceVisitedLocation.services.VisitedLocationServiceTest]: using defaults.
16:30:27.408 [Test worker] INFO org.springframework.boot.test.context.SpringBootTestContextBootstrapper - Loaded default TestExecutionListener class names from location [META-INF/spring.factories]: [org.springframework.boot.test.autoconfigure.restdocs.RestDocsTestExecutionListener, org.springframework.boot.test.autoconfigure.web.client.MockRestServiceServerResetTestExecutionListener, org.springframework.boot.test.autoconfigure.web.servlet.MockMvcPrintOnlyOnFailureTestExecutionListener, org.springframework.boot.test.autoconfigure.web.servlet.WebDriverTestExecutionListener, org.springframework.boot.test.autoconfigure.webservices.client.MockWebServiceServerTestExecutionListener, org.springframework.boot.test.mock.mockito.MockitoTestExecutionListener, org.springframework.boot.test.mock.mockito.ResetMocksTestExecutionListener, org.springframework.test.context.web.ServletTestExecutionListener, org.springframework.test.context.support.DirtiesContextBeforeModesTestExecutionListener, org.springframework.test.context.event.ApplicationEventsTestExecutionListener, org.springframework.test.context.support.DependencyInjectionTestExecutionListener, org.springframework.test.context.support.DirtiesContextTestExecutionListener, org.springframework.test.context.transaction.TransactionalTestExecutionListener, org.springframework.test.context.jdbc.SqlScriptsTestExecutionListener, org.springframework.test.context.event.EventPublishingTestExecutionListener]
16:30:27.448 [Test worker] DEBUG org.springframework.boot.test.context.SpringBootTestContextBootstrapper - Skipping candidate TestExecutionListener [org.springframework.test.context.transaction.TransactionalTestExecutionListener] due to a missing dependency. Specify custom listener classes or make the default listener classes and their required dependencies available. Offending class: [org/springframework/transaction/interceptor/TransactionAttributeSource]
16:30:27.450 [Test worker] DEBUG org.springframework.boot.test.context.SpringBootTestContextBootstrapper - Skipping candidate TestExecutionListener [org.springframework.test.context.jdbc.SqlScriptsTestExecutionListener] due to a missing dependency. Specify custom listener classes or make the default listener classes and their required dependencies available. Offending class: [org/springframework/transaction/interceptor/TransactionAttribute]
16:30:27.450 [Test worker] INFO org.springframework.boot.test.context.SpringBootTestContextBootstrapper - Using TestExecutionListeners: [org.springframework.test.context.web.ServletTestExecutionListener@46f8b0d1, org.springframework.test.context.support.DirtiesContextBeforeModesTestExecutionListener@48a96088, org.springframework.test.context.event.ApplicationEventsTestExecutionListener@3d02e1db, org.springframework.boot.test.mock.mockito.MockitoTestExecutionListener@71d469a6, org.springframework.boot.test.autoconfigure.SpringBootDependencyInjectionTestExecutionListener@72a93175, org.springframework.test.context.support.DirtiesContextTestExecutionListener@7107a288, org.springframework.test.context.event.EventPublishingTestExecutionListener@5b21894a, org.springframework.boot.test.autoconfigure.restdocs.RestDocsTestExecutionListener@9ea52d1, org.springframework.boot.test.autoconfigure.web.client.MockRestServiceServerResetTestExecutionListener@3273f800, org.springframework.boot.test.autoconfigure.web.servlet.MockMvcPrintOnlyOnFailureTestExecutionListener@7eac0f24, org.springframework.boot.test.autoconfigure.web.servlet.WebDriverTestExecutionListener@2910a262, org.springframework.boot.test.autoconfigure.webservices.client.MockWebServiceServerTestExecutionListener@72b7014b, org.springframework.boot.test.mock.mockito.ResetMocksTestExecutionListener@5fa954e5]
16:30:27.462 [Test worker] DEBUG org.springframework.test.context.support.AbstractDirtiesContextTestExecutionListener - Before test class: context [DefaultTestContext@4532ec9d testClass = VisitedLocationServiceTest, testInstance = [null], testMethod = [null], testException = [null], mergedContextConfiguration = [WebMergedContextConfiguration@5080dc37 testClass = VisitedLocationServiceTest, locations = '{}', classes = '{class microserviceVisitedLocation.MicroserviceVisitedLocationApplication}', contextInitializerClasses = '[]', activeProfiles = '{}', propertySourceLocations = '{}', propertySourceProperties = '{org.springframework.boot.test.context.SpringBootTestContextBootstrapper=true}', contextCustomizers = set[org.springframework.boot.test.autoconfigure.actuate.metrics.MetricsExportContextCustomizerFactory$DisableMetricExportContextCustomizer@607a46d1, org.springframework.boot.test.autoconfigure.properties.PropertyMappingContextCustomizer@0, org.springframework.boot.test.autoconfigure.web.servlet.WebDriverContextCustomizerFactory$Customizer@4766f947, org.springframework.boot.test.context.filter.ExcludeFilterContextCustomizer@20e11fe0, org.springframework.boot.test.json.DuplicateJsonObjectContextCustomizerFactory$DuplicateJsonObjectContextCustomizer@63e35083, org.springframework.boot.test.mock.mockito.MockitoContextCustomizer@0, org.springframework.boot.test.web.client.TestRestTemplateContextCustomizer@4511e6a8, org.springframework.boot.test.context.SpringBootTestArgs@1, org.springframework.boot.test.context.SpringBootTestWebEnvironment@914a71d], resourceBasePath = 'src/main/webapp', contextLoader = 'org.springframework.boot.test.context.SpringBootContextLoader', parent = [null]], attributes = map['org.springframework.test.context.web.ServletTestExecutionListener.activateListener' -> true]], class annotated with @DirtiesContext [false] with mode [null].

  .   ____          _            __ _ _
 /\\ / ___'_ __ _ _(_)_ __  __ _ \ \ \ \
( ( )\___ | '_ | '_| | '_ \/ _` | \ \ \ \
 \\/  ___)| |_)| | | | | || (_| |  ) ) ) )
  '  |____| .__|_| |_|_| |_\__, | / / / /
 =========|_|==============|___/=/_/_/_/
 :: Spring Boot ::                (v2.6.3)

2022-03-02 16:30:28.192  INFO 19956 --- [    Test worker] m.services.VisitedLocationServiceTest    : Starting VisitedLocationServiceTest using Java 16.0.1 on F_WarMachine with PID 19956 (started by Francky Malliet in E:\Users\Francky Malliet\git\TourGuide\JavaPathENProject8\microservice-visitedLocation)
2022-03-02 16:30:28.194  INFO 19956 --- [    Test worker] m.services.VisitedLocationServiceTest    : No active profile set, falling back to default profiles: default
2022-03-02 16:30:32.356  INFO 19956 --- [    Test worker] o.s.b.a.e.web.EndpointLinksResolver      : Exposing 1 endpoint(s) beneath base path '/actuator'
2022-03-02 16:30:32.452  INFO 19956 --- [    Test worker] m.services.VisitedLocationServiceTest    : Started VisitedLocationServiceTest in 4.891 seconds (JVM running for 7.996)
2022-03-02 16:30:33.469  INFO 19956 --- [    Test worker] m.services.VisitedLocationService        : Creating a new VisitedLocation
]]></system-out>
  <system-err><![CDATA[]]></system-err>
</testsuite>
