<?xml version="1.0" encoding="UTF-8"?>
<testsuite name="microserviceVisitedLocation.services.VisitedLocationServiceTest" tests="1" skipped="0" failures="0" errors="0" timestamp="2022-04-06T13:58:58" hostname="F_WARMACHINE" time="3.102">
  <properties/>
  <testcase name="createVisitedLocationTest()" classname="microserviceVisitedLocation.services.VisitedLocationServiceTest" time="3.102"/>
  <system-out><![CDATA[15:58:47.483 [Test worker] DEBUG org.springframework.test.context.BootstrapUtils - Instantiating CacheAwareContextLoaderDelegate from class [org.springframework.test.context.cache.DefaultCacheAwareContextLoaderDelegate]
15:58:47.557 [Test worker] DEBUG org.springframework.test.context.BootstrapUtils - Instantiating BootstrapContext using constructor [public org.springframework.test.context.support.DefaultBootstrapContext(java.lang.Class,org.springframework.test.context.CacheAwareContextLoaderDelegate)]
15:58:47.758 [Test worker] DEBUG org.springframework.test.context.BootstrapUtils - Instantiating TestContextBootstrapper for test class [microserviceVisitedLocation.services.VisitedLocationServiceTest] from class [org.springframework.boot.test.context.SpringBootTestContextBootstrapper]
15:58:47.811 [Test worker] INFO org.springframework.boot.test.context.SpringBootTestContextBootstrapper - Neither @ContextConfiguration nor @ContextHierarchy found for test class [microserviceVisitedLocation.services.VisitedLocationServiceTest], using SpringBootContextLoader
15:58:47.831 [Test worker] DEBUG org.springframework.test.context.support.AbstractContextLoader - Did not detect default resource location for test class [microserviceVisitedLocation.services.VisitedLocationServiceTest]: class path resource [microserviceVisitedLocation/services/VisitedLocationServiceTest-context.xml] does not exist
15:58:47.833 [Test worker] DEBUG org.springframework.test.context.support.AbstractContextLoader - Did not detect default resource location for test class [microserviceVisitedLocation.services.VisitedLocationServiceTest]: class path resource [microserviceVisitedLocation/services/VisitedLocationServiceTestContext.groovy] does not exist
15:58:47.834 [Test worker] INFO org.springframework.test.context.support.AbstractContextLoader - Could not detect default resource locations for test class [microserviceVisitedLocation.services.VisitedLocationServiceTest]: no resource found for suffixes {-context.xml, Context.groovy}.
15:58:47.838 [Test worker] INFO org.springframework.test.context.support.AnnotationConfigContextLoaderUtils - Could not detect default configuration classes for test class [microserviceVisitedLocation.services.VisitedLocationServiceTest]: VisitedLocationServiceTest does not declare any static, non-private, non-final, nested classes annotated with @Configuration.
15:58:48.032 [Test worker] DEBUG org.springframework.test.context.support.ActiveProfilesUtils - Could not find an 'annotation declaring class' for annotation type [org.springframework.test.context.ActiveProfiles] and class [microserviceVisitedLocation.services.VisitedLocationServiceTest]
15:58:48.370 [Test worker] DEBUG org.springframework.context.annotation.ClassPathScanningCandidateComponentProvider - Identified candidate component class: file [E:\Users\Francky Malliet\git\microserviceVisitedLocation\microserviceVisitedLocation\microservice-visitedLocation\build\classes\java\main\microserviceVisitedLocation\MicroserviceVisitedLocationApplication.class]
15:58:48.376 [Test worker] INFO org.springframework.boot.test.context.SpringBootTestContextBootstrapper - Found @SpringBootConfiguration microserviceVisitedLocation.MicroserviceVisitedLocationApplication for test class microserviceVisitedLocation.services.VisitedLocationServiceTest
15:58:48.886 [Test worker] DEBUG org.springframework.boot.test.context.SpringBootTestContextBootstrapper - @TestExecutionListeners is not present for class [microserviceVisitedLocation.services.VisitedLocationServiceTest]: using defaults.
15:58:48.887 [Test worker] INFO org.springframework.boot.test.context.SpringBootTestContextBootstrapper - Loaded default TestExecutionListener class names from location [META-INF/spring.factories]: [org.springframework.boot.test.autoconfigure.restdocs.RestDocsTestExecutionListener, org.springframework.boot.test.autoconfigure.web.client.MockRestServiceServerResetTestExecutionListener, org.springframework.boot.test.autoconfigure.web.servlet.MockMvcPrintOnlyOnFailureTestExecutionListener, org.springframework.boot.test.autoconfigure.web.servlet.WebDriverTestExecutionListener, org.springframework.boot.test.autoconfigure.webservices.client.MockWebServiceServerTestExecutionListener, org.springframework.boot.test.mock.mockito.MockitoTestExecutionListener, org.springframework.boot.test.mock.mockito.ResetMocksTestExecutionListener, org.springframework.test.context.web.ServletTestExecutionListener, org.springframework.test.context.support.DirtiesContextBeforeModesTestExecutionListener, org.springframework.test.context.event.ApplicationEventsTestExecutionListener, org.springframework.test.context.support.DependencyInjectionTestExecutionListener, org.springframework.test.context.support.DirtiesContextTestExecutionListener, org.springframework.test.context.transaction.TransactionalTestExecutionListener, org.springframework.test.context.jdbc.SqlScriptsTestExecutionListener, org.springframework.test.context.event.EventPublishingTestExecutionListener]
15:58:48.943 [Test worker] DEBUG org.springframework.boot.test.context.SpringBootTestContextBootstrapper - Skipping candidate TestExecutionListener [org.springframework.test.context.transaction.TransactionalTestExecutionListener] due to a missing dependency. Specify custom listener classes or make the default listener classes and their required dependencies available. Offending class: [org/springframework/transaction/interceptor/TransactionAttributeSource]
15:58:48.946 [Test worker] DEBUG org.springframework.boot.test.context.SpringBootTestContextBootstrapper - Skipping candidate TestExecutionListener [org.springframework.test.context.jdbc.SqlScriptsTestExecutionListener] due to a missing dependency. Specify custom listener classes or make the default listener classes and their required dependencies available. Offending class: [org/springframework/transaction/interceptor/TransactionAttribute]
15:58:48.947 [Test worker] INFO org.springframework.boot.test.context.SpringBootTestContextBootstrapper - Using TestExecutionListeners: [org.springframework.test.context.web.ServletTestExecutionListener@73cd4642, org.springframework.test.context.support.DirtiesContextBeforeModesTestExecutionListener@34c00b5c, org.springframework.test.context.event.ApplicationEventsTestExecutionListener@6d851ad9, org.springframework.boot.test.mock.mockito.MockitoTestExecutionListener@9286180, org.springframework.boot.test.autoconfigure.SpringBootDependencyInjectionTestExecutionListener@104ed9b1, org.springframework.test.context.support.DirtiesContextTestExecutionListener@24e0aa0f, org.springframework.test.context.event.EventPublishingTestExecutionListener@61f62f98, org.springframework.boot.test.autoconfigure.restdocs.RestDocsTestExecutionListener@2b186647, org.springframework.boot.test.autoconfigure.web.client.MockRestServiceServerResetTestExecutionListener@4dfda1c4, org.springframework.boot.test.autoconfigure.web.servlet.MockMvcPrintOnlyOnFailureTestExecutionListener@6c6cdaa6, org.springframework.boot.test.autoconfigure.web.servlet.WebDriverTestExecutionListener@3c36a25c, org.springframework.boot.test.autoconfigure.webservices.client.MockWebServiceServerTestExecutionListener@5474d1c3, org.springframework.boot.test.mock.mockito.ResetMocksTestExecutionListener@74a7a908]
15:58:48.968 [Test worker] DEBUG org.springframework.test.context.support.AbstractDirtiesContextTestExecutionListener - Before test class: context [DefaultTestContext@5d68b369 testClass = VisitedLocationServiceTest, testInstance = [null], testMethod = [null], testException = [null], mergedContextConfiguration = [WebMergedContextConfiguration@190358b0 testClass = VisitedLocationServiceTest, locations = '{}', classes = '{class microserviceVisitedLocation.MicroserviceVisitedLocationApplication}', contextInitializerClasses = '[]', activeProfiles = '{}', propertySourceLocations = '{}', propertySourceProperties = '{org.springframework.boot.test.context.SpringBootTestContextBootstrapper=true}', contextCustomizers = set[org.springframework.boot.test.autoconfigure.actuate.metrics.MetricsExportContextCustomizerFactory$DisableMetricExportContextCustomizer@b20e291, org.springframework.boot.test.autoconfigure.properties.PropertyMappingContextCustomizer@0, org.springframework.boot.test.autoconfigure.web.servlet.WebDriverContextCustomizerFactory$Customizer@4932fc38, org.springframework.boot.test.context.filter.ExcludeFilterContextCustomizer@45d5f251, org.springframework.boot.test.json.DuplicateJsonObjectContextCustomizerFactory$DuplicateJsonObjectContextCustomizer@60d7ecb9, org.springframework.boot.test.mock.mockito.MockitoContextCustomizer@0, org.springframework.boot.test.web.client.TestRestTemplateContextCustomizer@466e66bb, org.springframework.boot.test.context.SpringBootTestArgs@1, org.springframework.boot.test.context.SpringBootTestWebEnvironment@b3f3754], resourceBasePath = 'src/main/webapp', contextLoader = 'org.springframework.boot.test.context.SpringBootContextLoader', parent = [null]], attributes = map['org.springframework.test.context.web.ServletTestExecutionListener.activateListener' -> true]], class annotated with @DirtiesContext [false] with mode [null].

  .   ____          _            __ _ _
 /\\ / ___'_ __ _ _(_)_ __  __ _ \ \ \ \
( ( )\___ | '_ | '_| | '_ \/ _` | \ \ \ \
 \\/  ___)| |_)| | | | | || (_| |  ) ) ) )
  '  |____| .__|_| |_|_| |_\__, | / / / /
 =========|_|==============|___/=/_/_/_/
 :: Spring Boot ::                (v2.6.3)

2022-04-06 15:58:50.310  INFO 23920 --- [    Test worker] m.services.VisitedLocationServiceTest    : Starting VisitedLocationServiceTest using Java 16.0.1 on F_WarMachine with PID 23920 (started by Francky Malliet in E:\Users\Francky Malliet\git\microserviceVisitedLocation\microserviceVisitedLocation\microservice-visitedLocation)
2022-04-06 15:58:50.314  INFO 23920 --- [    Test worker] m.services.VisitedLocationServiceTest    : No active profile set, falling back to default profiles: default
2022-04-06 15:58:57.537  INFO 23920 --- [    Test worker] o.s.b.a.e.web.EndpointLinksResolver      : Exposing 1 endpoint(s) beneath base path '/actuator'
2022-04-06 15:58:57.790  INFO 23920 --- [    Test worker] m.services.VisitedLocationServiceTest    : Started VisitedLocationServiceTest in 8.633 seconds (JVM running for 14.417)
]]></system-out>
  <system-err><![CDATA[]]></system-err>
</testsuite>
